#
# A fatal error has been detected by the Java Runtime Environment:
#
#  EXCEPTION_ACCESS_VIOLATION (0xc0000005) at pc=0x0000000061f29cc0, pid=1716, tid=0x0000000000001948
#
# JRE version: OpenJDK Runtime Environment (8.0_76-b03) (build 1.8.0_76-release-b03)
# Java VM: OpenJDK 64-Bit Server VM (25.76-b03 mixed mode windows-amd64 compressed oops)
# Problematic frame:
# V  [jvm.dll+0x89cc0]
#
# Failed to write core dump. Minidumps are not enabled by default on client versions of Windows
#
# If you would like to submit a bug report, please visit:
#   http://bugreport.java.com/bugreport/crash.jsp
#

---------------  T H R E A D  ---------------

Current thread (0x000000000273a800):  GCTaskThread [stack: 0x0000000012150000,0x0000000012250000] [id=6472]

siginfo: ExceptionCode=0xc0000005, reading address 0x0000000000000008

Registers:
RAX=0x0000000000000000, RBX=0x00000000fa64b820, RCX=0x00000000fa64b820, RDX=0x0000000000000000
RSP=0x000000001224f5e8, RBP=0x0000000000000000, RSI=0x0000000014eb3380, RDI=0x00009d5300002ec2
R8 =0x0000000014eb3380, R9 =0x0000000000000005, R10=0x000000000000000c, R11=0x000000000000000c
R12=0x00000000624ad410, R13=0x0000000000000000, R14=0x0000000000000000, R15=0x000000000273add0
RIP=0x0000000061f29cc0, EFLAGS=0x0000000000010246

Top of Stack: (sp=0x000000001224f5e8)
0x000000001224f5e8:   0000000062267792 00000000fa64b838
0x000000001224f5f8:   0000000000000005 0000000014eb3380
0x000000001224f608:   0000000005979d78 00000000fd790018
0x000000001224f618:   0000000062267edb 00000000c36c2350
0x000000001224f628:   0000000000000400 0000000000000000
0x000000001224f638:   000000000272dc01 00000000624ad410
0x000000001224f648:   0000000062267b00 00000000c36c326c
0x000000001224f658:   0000000000000000 0000000014eb3380
0x000000001224f668:   00009d5300002ec2 00000000c36c326c
0x000000001224f678:   00000000622684d5 00000000fa648c80
0x000000001224f688:   0000000000000000 0000000014eb3380
0x000000001224f698:   0000000062267a11 00009d5300002ec2
0x000000001224f6a8:   0000000000000003 0000000014eb3380
0x000000001224f6b8:   00009d5300002ec2 000000001d107e10
0x000000001224f6c8:   00009d5200002ec2 000082e40000c14a
0x000000001224f6d8:   0000824f00007519 000000000273adc0 

Instructions: (pc=0x0000000061f29cc0)
0x0000000061f29ca0:   ac 3a 1d 00 48 8b 9c 24 c0 00 00 00 48 81 c4 b0
0x0000000061f29cb0:   00 00 00 5d c3 cc cc cc cc cc cc cc cc cc cc cc
0x0000000061f29cc0:   44 8b 42 08 4c 8b ca 45 85 c0 7e 0e 41 f6 c0 01
0x0000000061f29cd0:   75 57 41 c1 f8 03 41 8b c0 c3 79 4d 80 3d be 5f 


Register to memory mapping:

RAX=0x0000000000000000 is an unknown value
RBX=0x00000000fa64b820 is an unknown value
RCX=0x00000000fa64b820 is an unknown value
RDX=0x0000000000000000 is an unknown value
RSP=0x000000001224f5e8 is an unknown value
RBP=0x0000000000000000 is an unknown value
RSI=0x0000000014eb3380 is an unknown value
RDI=0x00009d5300002ec2 is an unknown value
R8 =0x0000000014eb3380 is an unknown value
R9 =0x0000000000000005 is an unknown value
R10=0x000000000000000c is an unknown value
R11=0x000000000000000c is an unknown value
R12=0x00000000624ad410 is an unknown value
R13=0x0000000000000000 is an unknown value
R14=0x0000000000000000 is an unknown value
R15=0x000000000273add0 is an unknown value


Stack: [0x0000000012150000,0x0000000012250000],  sp=0x000000001224f5e8,  free space=1021k
Native frames: (J=compiled Java code, j=interpreted, Vv=VM code, C=native code)


---------------  P R O C E S S  ---------------

Java Threads: ( => current thread )
  0x000000001dee5800 JavaThread "pool-57-thread-1" [_thread_blocked, id=5504, stack(0x000000001eea0000,0x000000001efa0000)]
  0x000000001dee8800 JavaThread "Stdin handler" [_thread_blocked, id=3536, stack(0x0000000019a90000,0x0000000019b90000)]
  0x000000001dee2000 JavaThread "Asynchronous log dispatcher for org.gradle.launcher.daemon.server.DefaultDaemonConnection@7ce03732" [_thread_blocked, id=828, stack(0x0000000019990000,0x0000000019a90000)]
  0x000000001dee5000 JavaThread "Daemon worker Thread 7" [_thread_blocked, id=760, stack(0x0000000019890000,0x0000000019990000)]
  0x000000001dee2800 JavaThread "Cancel handler" [_thread_blocked, id=5864, stack(0x0000000019790000,0x0000000019890000)]
  0x000000001dee1000 JavaThread "Handler for socket connection from /127.0.0.1:61372 to /127.0.0.1:64448" [_thread_in_native, id=3868, stack(0x0000000018ea0000,0x0000000018fa0000)]
  0x000000001dee0800 JavaThread "Daemon Thread 7" [_thread_blocked, id=2140, stack(0x0000000018da0000,0x0000000018ea0000)]
  0x0000000017c9a800 JavaThread "pool-27-thread-3" [_thread_blocked, id=6128, stack(0x0000000026920000,0x0000000026a20000)]
  0x000000001ada5000 JavaThread "pool-27-thread-4" [_thread_blocked, id=6788, stack(0x00000000247e0000,0x00000000248e0000)]
  0x000000001ad99000 JavaThread "pool-27-thread-2" [_thread_blocked, id=6460, stack(0x0000000023c80000,0x0000000023d80000)]
  0x000000001ad98000 JavaThread "pool-27-thread-1" [_thread_blocked, id=6312, stack(0x0000000022780000,0x0000000022880000)]
  0x0000000017c90000 JavaThread "stdout" daemon [_thread_in_native, id=5464, stack(0x0000000023680000,0x0000000023780000)]
  0x0000000017c8e800 JavaThread "stderr" daemon [_thread_in_native, id=7740, stack(0x0000000023580000,0x0000000023680000)]
  0x00000000171c3800 JavaThread "stdout" daemon [_thread_in_native, id=8024, stack(0x0000000023480000,0x0000000023580000)]
  0x00000000171c2800 JavaThread "stderr" daemon [_thread_in_native, id=5884, stack(0x0000000023380000,0x0000000023480000)]
  0x00000000171c1000 JavaThread "stdout" daemon [_thread_in_native, id=5652, stack(0x0000000023280000,0x0000000023380000)]
  0x00000000171c4000 JavaThread "stderr" daemon [_thread_in_native, id=7972, stack(0x0000000023180000,0x0000000023280000)]
  0x00000000171c2000 JavaThread "stdout" daemon [_thread_in_native, id=3512, stack(0x0000000023080000,0x0000000023180000)]
  0x00000000171bd800 JavaThread "stderr" daemon [_thread_in_native, id=7152, stack(0x0000000022f80000,0x0000000023080000)]
  0x00000000171be000 JavaThread "stdout" daemon [_thread_in_native, id=4732, stack(0x0000000022e80000,0x0000000022f80000)]
  0x00000000171c0800 JavaThread "stderr" daemon [_thread_in_native, id=6108, stack(0x0000000022d80000,0x0000000022e80000)]
  0x00000000171bf800 JavaThread "png-cruncher_10" daemon [_thread_blocked, id=6448, stack(0x0000000022c80000,0x0000000022d80000)]
  0x00000000171bf000 JavaThread "png-cruncher_9" daemon [_thread_blocked, id=5392, stack(0x0000000022b80000,0x0000000022c80000)]
  0x000000001ada2800 JavaThread "png-cruncher_8" daemon [_thread_blocked, id=6908, stack(0x0000000022a80000,0x0000000022b80000)]
  0x000000001ada5800 JavaThread "png-cruncher_7" daemon [_thread_blocked, id=1944, stack(0x0000000022980000,0x0000000022a80000)]
  0x000000001ada2000 JavaThread "png-cruncher_6" daemon [_thread_blocked, id=1932, stack(0x0000000022880000,0x0000000022980000)]
  0x000000001ada3800 JavaThread "stdout" daemon [_thread_in_native, id=7900, stack(0x0000000022680000,0x0000000022780000)]
  0x000000001ada1000 JavaThread "stderr" daemon [_thread_in_native, id=6148, stack(0x0000000022580000,0x0000000022680000)]
  0x000000001ada4000 JavaThread "stdout" daemon [_thread_in_native, id=2532, stack(0x0000000022480000,0x0000000022580000)]
  0x000000001ada0800 JavaThread "stdout" daemon [_thread_in_native, id=7212, stack(0x0000000022380000,0x0000000022480000)]
  0x000000001ad9f800 JavaThread "stdout" daemon [_thread_in_native, id=6696, stack(0x0000000022280000,0x0000000022380000)]
  0x000000001ad9f000 JavaThread "stdout" daemon [_thread_in_native, id=7848, stack(0x0000000022180000,0x0000000022280000)]
  0x000000001ad9c800 JavaThread "stderr" daemon [_thread_in_native, id=3528, stack(0x0000000022080000,0x0000000022180000)]
  0x000000001ad9e000 JavaThread "stderr" daemon [_thread_in_native, id=6476, stack(0x0000000021f80000,0x0000000022080000)]
  0x000000001ad9a800 JavaThread "stderr" daemon [_thread_in_native, id=8140, stack(0x0000000021e80000,0x0000000021f80000)]
  0x000000001ad9d800 JavaThread "stderr" daemon [_thread_in_native, id=2236, stack(0x0000000021d80000,0x0000000021e80000)]
  0x000000001ad9c000 JavaThread "png-cruncher_5" daemon [_thread_blocked, id=6824, stack(0x0000000021c80000,0x0000000021d80000)]
  0x000000001ad9b000 JavaThread "png-cruncher_4" daemon [_thread_blocked, id=3820, stack(0x0000000021b80000,0x0000000021c80000)]
  0x000000001ad97800 JavaThread "png-cruncher_3" daemon [_thread_blocked, id=5640, stack(0x0000000021a80000,0x0000000021b80000)]
  0x000000001ad96800 JavaThread "png-cruncher_2" daemon [_thread_blocked, id=5232, stack(0x0000000021980000,0x0000000021a80000)]
  0x000000001ad99800 JavaThread "png-cruncher_1" daemon [_thread_blocked, id=2828, stack(0x0000000021880000,0x0000000021980000)]
  0x000000001a651000 JavaThread "File lock request listener" [_thread_in_native, id=7728, stack(0x000000001c730000,0x000000001c830000)]
  0x0000000016ad8800 JavaThread "pool-1-thread-1" [_thread_blocked, id=7992, stack(0x0000000019690000,0x0000000019790000)]
  0x0000000017e55800 JavaThread "Incoming local TCP Connector on port 61372" [_thread_in_native, id=5616, stack(0x0000000018fa0000,0x00000000190a0000)]
  0x0000000014ef3000 JavaThread "Service Thread" daemon [_thread_blocked, id=3552, stack(0x0000000016da0000,0x0000000016ea0000)]
  0x0000000014ef2000 JavaThread "C1 CompilerThread2" daemon [_thread_blocked, id=5160, stack(0x00000000168a0000,0x00000000169a0000)]
  0x0000000014eee800 JavaThread "C2 CompilerThread1" daemon [_thread_blocked, id=1488, stack(0x00000000167a0000,0x00000000168a0000)]
  0x0000000014ee8800 JavaThread "C2 CompilerThread0" daemon [_thread_blocked, id=2564, stack(0x00000000166a0000,0x00000000167a0000)]
  0x0000000014ef9000 JavaThread "Attach Listener" daemon [_thread_blocked, id=3704, stack(0x00000000165a0000,0x00000000166a0000)]
  0x0000000014ef6000 JavaThread "Signal Dispatcher" daemon [_thread_blocked, id=4496, stack(0x00000000164a0000,0x00000000165a0000)]
  0x0000000014ed8000 JavaThread "Finalizer" daemon [_thread_blocked, id=8040, stack(0x0000000016150000,0x0000000016250000)]
  0x0000000014eb6800 JavaThread "Reference Handler" daemon [_thread_blocked, id=6888, stack(0x0000000016050000,0x0000000016150000)]
  0x0000000000ece000 JavaThread "main" [_thread_blocked, id=2452, stack(0x0000000002620000,0x0000000002720000)]

Other Threads:
  0x0000000014eb4800 VMThread [stack: 0x0000000015f50000,0x0000000016050000] [id=8080]
  0x0000000014ef3800 WatcherThread [stack: 0x0000000016ea0000,0x0000000016fa0000] [id=7188]

=>0x000000000273a800 (exited) GCTaskThread [stack: 0x0000000012150000,0x0000000012250000] [id=6472]

VM state:at safepoint (normal execution)

VM Mutex/Monitor currently owned by a thread:  ([mutex/lock_event])
[0x0000000000ecd330] Threads_lock - owner thread: 0x0000000014eb4800
[0x0000000000ecd630] Heap_lock - owner thread: 0x000000001dee5000

Heap:
 PSYoungGen      total 286208K, used 283588K [0x00000000eab00000, 0x0000000100000000, 0x0000000100000000)
  eden space 252928K, 99% used [0x00000000eab00000,0x00000000f9fb4820,0x00000000fa200000)
  from space 33280K, 99% used [0x00000000fa200000,0x00000000fc23c8b0,0x00000000fc280000)
  to   space 51712K, 20% used [0x00000000fcd80000,0x00000000fd7a8018,0x0000000100000000)
 ParOldGen       total 221184K, used 56248K [0x00000000c0000000, 0x00000000cd800000, 0x00000000eab00000)
  object space 221184K, 25% used [0x00000000c0000000,0x00000000c36ee350,0x00000000cd800000)
 Metaspace       used 76149K, capacity 79502K, committed 83624K, reserved 1122304K
  class space    used 9717K, capacity 10208K, committed 10928K, reserved 1048576K

Card table byte_map: [0x0000000011be0000,0x0000000011df0000] byte_map_base: 0x00000000115e0000

Marking Bits: (ParMarkBitMap*) 0x0000000062659d00
 Begin Bits: [0x0000000012350000, 0x0000000013350000)
 End Bits:   [0x0000000013350000, 0x0000000014350000)

Polling page: 0x0000000000e10000

CodeCache: size=245760Kb used=58810Kb max_used=58829Kb free=186949Kb
 bounds [0x0000000002820000, 0x0000000006200000, 0x0000000011820000]
 total_blobs=16023 nmethods=15282 adapters=652
 compilation: enabled

Compilation events (10 events):
Event: 2789.809 Thread 0x0000000014ee8800 21478       4       com.sun.org.apache.xpath.internal.compiler.XPathParser::nextToken (68 bytes)
Event: 2789.809 Thread 0x0000000014eee800 21479       4       javax.xml.namespace.QName::equals (59 bytes)
Event: 2789.812 Thread 0x0000000014eee800 nmethod 21479 0x0000000003eddc10 code [0x0000000003eddd60, 0x0000000003eddf38]
Event: 2789.812 Thread 0x0000000014ee8800 nmethod 21478 0x00000000061c9d10 code [0x00000000061c9e60, 0x00000000061c9fd8]
Event: 2789.815 Thread 0x0000000014ef2000 21480       3       com.sun.org.apache.xml.internal.dtm.ref.dom2dtm.DOM2DTM::getNode (18 bytes)
Event: 2789.816 Thread 0x0000000014ef2000 nmethod 21480 0x0000000003edef90 code [0x0000000003edf120, 0x0000000003edf4f8]
Event: 2789.819 Thread 0x0000000014ee8800 21481       4       com.android.builder.internal.packaging.zip.StoredEntry::readLocalHeader (396 bytes)
Event: 2789.829 Thread 0x0000000014eee800 21482       4       java.util.stream.ReferencePipeline$2$1::accept (27 bytes)
Event: 2789.831 Thread 0x0000000014eee800 nmethod 21482 0x0000000006195a10 code [0x0000000006195b60, 0x0000000006195c18]
Event: 2789.899 Thread 0x0000000014ee8800 nmethod 21481 0x00000000061eec50 code [0x00000000061ef060, 0x00000000061f0e08]

GC Heap History (10 events):
Event: 2387.283 GC heap after
Heap after GC invocations=87 (full 11):
 PSYoungGen      total 297472K, used 35998K [0x00000000eab00000, 0x0000000100000000, 0x0000000100000000)
  eden space 258048K, 0% used [0x00000000eab00000,0x00000000eab00000,0x00000000fa700000)
  from space 39424K, 91% used [0x00000000fd900000,0x00000000ffc27bd0,0x00000000fff80000)
  to   space 45568K, 0% used [0x00000000fa700000,0x00000000fa700000,0x00000000fd380000)
 ParOldGen       total 221184K, used 77462K [0x00000000c0000000, 0x00000000cd800000, 0x00000000eab00000)
  object space 221184K, 35% used [0x00000000c0000000,0x00000000c4ba5998,0x00000000cd800000)
 Metaspace       used 80050K, capacity 83453K, committed 83624K, reserved 1122304K
  class space    used 10369K, capacity 10881K, committed 10928K, reserved 1048576K
}
Event: 2387.748 GC heap before
{Heap before GC invocations=88 (full 11):
 PSYoungGen      total 297472K, used 293419K [0x00000000eab00000, 0x0000000100000000, 0x0000000100000000)
  eden space 258048K, 99% used [0x00000000eab00000,0x00000000fa6630a8,0x00000000fa700000)
  from space 39424K, 91% used [0x00000000fd900000,0x00000000ffc27bd0,0x00000000fff80000)
  to   space 45568K, 0% used [0x00000000fa700000,0x00000000fa700000,0x00000000fd380000)
 ParOldGen       total 221184K, used 141975K [0x00000000c0000000, 0x00000000cd800000, 0x00000000eab00000)
  object space 221184K, 64% used [0x00000000c0000000,0x00000000c8aa5d88,0x00000000cd800000)
 Metaspace       used 80063K, capacity 83453K, committed 83624K, reserved 1122304K
  class space    used 10371K, capacity 10881K, committed 10928K, reserved 1048576K
Event: 2387.760 GC heap after
Heap after GC invocations=88 (full 11):
 PSYoungGen      total 288256K, used 29865K [0x00000000eab00000, 0x0000000100000000, 0x0000000100000000)
  eden space 258048K, 0% used [0x00000000eab00000,0x00000000eab00000,0x00000000fa700000)
  from space 30208K, 98% used [0x00000000fa700000,0x00000000fc42a6f8,0x00000000fc480000)
  to   space 48640K, 0% used [0x00000000fd080000,0x00000000fd080000,0x0000000100000000)
 ParOldGen       total 221184K, used 141983K [0x00000000c0000000, 0x00000000cd800000, 0x00000000eab00000)
  object space 221184K, 64% used [0x00000000c0000000,0x00000000c8aa7d88,0x00000000cd800000)
 Metaspace       used 80063K, capacity 83453K, committed 83624K, reserved 1122304K
  class space    used 10371K, capacity 10881K, committed 10928K, reserved 1048576K
}
Event: 2388.426 GC heap before
{Heap before GC invocations=89 (full 11):
 PSYoungGen      total 288256K, used 227563K [0x00000000eab00000, 0x0000000100000000, 0x0000000100000000)
  eden space 258048K, 76% used [0x00000000eab00000,0x00000000f6c10720,0x00000000fa700000)
  from space 30208K, 98% used [0x00000000fa700000,0x00000000fc42a6f8,0x00000000fc480000)
  to   space 48640K, 0% used [0x00000000fd080000,0x00000000fd080000,0x0000000100000000)
 ParOldGen       total 221184K, used 141983K [0x00000000c0000000, 0x00000000cd800000, 0x00000000eab00000)
  object space 221184K, 64% used [0x00000000c0000000,0x00000000c8aa7d88,0x00000000cd800000)
 Metaspace       used 80068K, capacity 83459K, committed 83624K, reserved 1122304K
  class space    used 10371K, capacity 10882K, committed 10928K, reserved 1048576K
Event: 2388.431 GC heap after
Heap after GC invocations=89 (full 11):
 PSYoungGen      total 301568K, used 160K [0x00000000eab00000, 0x0000000100000000, 0x0000000100000000)
  eden space 252928K, 0% used [0x00000000eab00000,0x00000000eab00000,0x00000000fa200000)
  from space 48640K, 0% used [0x00000000fd080000,0x00000000fd0a8000,0x0000000100000000)
  to   space 47616K, 0% used [0x00000000fa200000,0x00000000fa200000,0x00000000fd080000)
 ParOldGen       total 221184K, used 142047K [0x00000000c0000000, 0x00000000cd800000, 0x00000000eab00000)
  object space 221184K, 64% used [0x00000000c0000000,0x00000000c8ab7d88,0x00000000cd800000)
 Metaspace       used 80068K, capacity 83459K, committed 83624K, reserved 1122304K
  class space    used 10371K, capacity 10882K, committed 10928K, reserved 1048576K
}
Event: 2388.431 GC heap before
{Heap before GC invocations=90 (full 12):
 PSYoungGen      total 301568K, used 160K [0x00000000eab00000, 0x0000000100000000, 0x0000000100000000)
  eden space 252928K, 0% used [0x00000000eab00000,0x00000000eab00000,0x00000000fa200000)
  from space 48640K, 0% used [0x00000000fd080000,0x00000000fd0a8000,0x0000000100000000)
  to   space 47616K, 0% used [0x00000000fa200000,0x00000000fa200000,0x00000000fd080000)
 ParOldGen       total 221184K, used 142047K [0x00000000c0000000, 0x00000000cd800000, 0x00000000eab00000)
  object space 221184K, 64% used [0x00000000c0000000,0x00000000c8ab7d88,0x00000000cd800000)
 Metaspace       used 80068K, capacity 83459K, committed 83624K, reserved 1122304K
  class space    used 10371K, capacity 10882K, committed 10928K, reserved 1048576K
Event: 2388.776 GC heap after
Heap after GC invocations=90 (full 12):
 PSYoungGen      total 301568K, used 0K [0x00000000eab00000, 0x0000000100000000, 0x0000000100000000)
  eden space 252928K, 0% used [0x00000000eab00000,0x00000000eab00000,0x00000000fa200000)
  from space 48640K, 0% used [0x00000000fd080000,0x00000000fd080000,0x0000000100000000)
  to   space 47616K, 0% used [0x00000000fa200000,0x00000000fa200000,0x00000000fd080000)
 ParOldGen       total 221184K, used 52731K [0x00000000c0000000, 0x00000000cd800000, 0x00000000eab00000)
  object space 221184K, 23% used [0x00000000c0000000,0x00000000c337ef80,0x00000000cd800000)
 Metaspace       used 75951K, capacity 79206K, committed 83624K, reserved 1122304K
  class space    used 9701K, capacity 10192K, committed 10928K, reserved 1048576K
}
Event: 2782.568 GC heap before
{Heap before GC invocations=91 (full 12):
 PSYoungGen      total 301568K, used 252928K [0x00000000eab00000, 0x0000000100000000, 0x0000000100000000)
  eden space 252928K, 100% used [0x00000000eab00000,0x00000000fa200000,0x00000000fa200000)
  from space 48640K, 0% used [0x00000000fd080000,0x00000000fd080000,0x0000000100000000)
  to   space 47616K, 0% used [0x00000000fa200000,0x00000000fa200000,0x00000000fd080000)
 ParOldGen       total 221184K, used 52731K [0x00000000c0000000, 0x00000000cd800000, 0x00000000eab00000)
  object space 221184K, 23% used [0x00000000c0000000,0x00000000c337ef80,0x00000000cd800000)
 Metaspace       used 76071K, capacity 79358K, committed 83624K, reserved 1122304K
  class space    used 9710K, capacity 10200K, committed 10928K, reserved 1048576K
Event: 2782.602 GC heap after
Heap after GC invocations=91 (full 12):
 PSYoungGen      total 286208K, used 33010K [0x00000000eab00000, 0x0000000100000000, 0x0000000100000000)
  eden space 252928K, 0% used [0x00000000eab00000,0x00000000eab00000,0x00000000fa200000)
  from space 33280K, 99% used [0x00000000fa200000,0x00000000fc23c8b0,0x00000000fc280000)
  to   space 51712K, 0% used [0x00000000fcd80000,0x00000000fcd80000,0x0000000100000000)
 ParOldGen       total 221184K, used 52739K [0x00000000c0000000, 0x00000000cd800000, 0x00000000eab00000)
  object space 221184K, 23% used [0x00000000c0000000,0x00000000c3380f80,0x00000000cd800000)
 Metaspace       used 76071K, capacity 79358K, committed 83624K, reserved 1122304K
  class space    used 9710K, capacity 10200K, committed 10928K, reserved 1048576K
}
Event: 2790.175 GC heap before
{Heap before GC invocations=92 (full 12):
 PSYoungGen      total 286208K, used 283588K [0x00000000eab00000, 0x0000000100000000, 0x0000000100000000)
  eden space 252928K, 99% used [0x00000000eab00000,0x00000000f9fb4820,0x00000000fa200000)
  from space 33280K, 99% used [0x00000000fa200000,0x00000000fc23c8b0,0x00000000fc280000)
  to   space 51712K, 0% used [0x00000000fcd80000,0x00000000fcd80000,0x0000000100000000)
 ParOldGen       total 221184K, used 52739K [0x00000000c0000000, 0x00000000cd800000, 0x00000000eab00000)
  object space 221184K, 23% used [0x00000000c0000000,0x00000000c3380f80,0x00000000cd800000)
 Metaspace       used 76149K, capacity 79502K, committed 83624K, reserved 1122304K
  class space    used 9717K, capacity 10208K, committed 10928K, reserved 1048576K

Deoptimization events (10 events):
Event: 2780.273 Thread 0x000000001dee5000 Uncommon trap: reason=speculate_class_check action=maybe_recompile pc=0x0000000005df030c method=com.sun.org.apache.xerces.internal.dom.AttrImpl.getNodeName()Ljava/lang/String; @ 8
Event: 2780.273 Thread 0x000000001dee5000 Uncommon trap: reason=speculate_class_check action=maybe_recompile pc=0x0000000005df030c method=com.sun.org.apache.xerces.internal.dom.AttrImpl.getNodeName()Ljava/lang/String; @ 8
Event: 2780.273 Thread 0x000000001dee5000 Uncommon trap: reason=speculate_class_check action=maybe_recompile pc=0x0000000005df030c method=com.sun.org.apache.xerces.internal.dom.AttrImpl.getNodeName()Ljava/lang/String; @ 8
Event: 2780.273 Thread 0x000000001dee5000 Uncommon trap: reason=class_check action=maybe_recompile pc=0x0000000003ab93b4 method=com.sun.org.apache.xerces.internal.dom.ParentNode.getChildNodes()Lorg/w3c/dom/NodeList; @ 8
Event: 2780.274 Thread 0x000000001dee5000 Uncommon trap: reason=class_check action=maybe_recompile pc=0x0000000003ab93b4 method=com.sun.org.apache.xerces.internal.dom.ParentNode.getChildNodes()Lorg/w3c/dom/NodeList; @ 8
Event: 2782.956 Thread 0x000000001dee5000 Uncommon trap: reason=class_check action=maybe_recompile pc=0x000000000511f1ec method=com.sun.tools.javac.comp.Check.checkImplementations(Lcom/sun/tools/javac/tree/JCTree;Lcom/sun/tools/javac/code/Symbol$ClassSymbol;Lcom/sun/tools/javac/code/Symbol$ClassSyŒ_‰«žÀ¥@
Event: 2784.310 Thread 0x000000001dee5000 Uncommon trap: reason=unstable_if action=reinterpret pc=0x00000000034a8090 method=java.util.TimSort.mergeHi(IIII)V @ 584
Event: 2784.432 Thread 0x000000001dee5000 Uncommon trap: reason=class_check action=maybe_recompile pc=0x0000000005738cb4 method=com.google.common.collect.ImmutableList.copyOf(Ljava/util/Collection;)Lcom/google/common/collect/ImmutableList; @ 8
Event: 2789.528 Thread 0x000000001dee5800 Uncommon trap: reason=null_check action=make_not_entrant pc=0x00000000043fb250 method=com.android.ide.common.xml.XmlAttributeSortOrder$1.compare(Lorg/w3c/dom/Attr;Lorg/w3c/dom/Attr;)I @ 46
Event: 2789.528 Thread 0x000000001dee5800 Uncommon trap: reason=null_check action=make_not_entrant pc=0x0000000003dcf504 method=com.android.ide.common.xml.XmlAttributeSortOrder$1.compare(Lorg/w3c/dom/Attr;Lorg/w3c/dom/Attr;)I @ 46

Internal exceptions (10 events):
Event: 2279.872 Thread 0x0000000017c94800 Exception <a 'java/lang/NoSuchMethodError': <clinit>> (0x00000000f869e2d0) thrown at [C:\src\android\AOSP-openjdk\external\jetbrains\jdk\hotspot\src\share\vm\prims\jni.cpp, line 1591]
Event: 2279.939 Thread 0x0000000017c94800 Exception <a 'java/lang/NoSuchMethodError': <clinit>> (0x00000000f896f668) thrown at [C:\src\android\AOSP-openjdk\external\jetbrains\jdk\hotspot\src\share\vm\prims\jni.cpp, line 1591]
Event: 2279.946 Thread 0x0000000017c94800 Exception <a 'java/lang/NoSuchMethodError': <clinit>> (0x00000000f89d6128) thrown at [C:\src\android\AOSP-openjdk\external\jetbrains\jdk\hotspot\src\share\vm\prims\jni.cpp, line 1591]
Event: 2279.959 Thread 0x0000000017c94800 Exception <a 'java/lang/NoSuchMethodError': <clinit>> (0x00000000f8a958a8) thrown at [C:\src\android\AOSP-openjdk\external\jetbrains\jdk\hotspot\src\share\vm\prims\jni.cpp, line 1591]
Event: 2279.972 Thread 0x0000000017c94800 Exception <a 'java/lang/NoSuchMethodError': <clinit>> (0x00000000f8bb7c60) thrown at [C:\src\android\AOSP-openjdk\external\jetbrains\jdk\hotspot\src\share\vm\prims\jni.cpp, line 1591]
Event: 2280.012 Thread 0x0000000017c94800 Exception <a 'java/lang/NoSuchMethodError': <clinit>> (0x00000000f8e3cfb8) thrown at [C:\src\android\AOSP-openjdk\external\jetbrains\jdk\hotspot\src\share\vm\prims\jni.cpp, line 1591]
Event: 2388.029 Thread 0x0000000017c94800 Implicit null exception at 0x00000000061245c7 to 0x0000000006126465
Event: 2388.029 Thread 0x0000000017c94800 Implicit null exception at 0x0000000006128806 to 0x000000000612a579
Event: 2779.583 Thread 0x000000001dee5000 Exception <a 'java/lang/ClassNotFoundException': asLocalRepo340_1cbf15mkp4l12kzp03je1sohxBeanInfo> (0x00000000eb6c42b0) thrown at [C:\src\android\AOSP-openjdk\external\jetbrains\jdk\hotspot\src\share\vm\classfile\systemDictionary.cpp, line 210]
Event: 2779.584 Thread 0x000000001dee5000 Exception <a 'java/lang/ClassNotFoundException': asLocalRepo340_1cbf15mkp4l12kzp03je1sohxCustomizer> (0x00000000eb6cde00) thrown at [C:\src\android\AOSP-openjdk\external\jetbrains\jdk\hotspot\src\share\vm\classfile\systemDictionary.cpp, line 210]

Events (10 events):
Event: 2789.525 Thread 0x000000001dee6800 Thread exited: 0x000000001dee6800
Event: 2789.528 Thread 0x000000001dee5800 Uncommon trap: trap_request=0xfffffff4 fr.pc=0x00000000043fb250
Event: 2789.528 Thread 0x000000001dee5800 DEOPT PACKING pc=0x00000000043fb250 sp=0x000000001ef9eb00
Event: 2789.528 Thread 0x000000001dee5800 DEOPT UNPACKING pc=0x000000000286556a sp=0x000000001ef9eaa0 mode 2
Event: 2789.528 Thread 0x000000001dee5800 Uncommon trap: trap_request=0xfffffff4 fr.pc=0x0000000003dcf504
Event: 2789.528 Thread 0x000000001dee5800 DEOPT PACKING pc=0x0000000003dcf504 sp=0x000000001ef9ea70
Event: 2789.528 Thread 0x000000001dee5800 DEOPT UNPACKING pc=0x000000000286556a sp=0x000000001ef9ea90 mode 2
Event: 2789.677 Thread 0x0000000014ee8800 flushing nmethod 0x0000000002e20350
Event: 2789.804 Thread 0x0000000014eee800 flushing nmethod 0x0000000003eddc10
Event: 2790.175 Executing VM operation: ParallelGCFailedAllocation


Dynamic libraries:
0x00007ff70a310000 - 0x00007ff70a341000 	D:\Android Studio\jre\bin\java.exe
0x00007ff9f0d30000 - 0x00007ff9f0eda000 	C:\Windows\SYSTEM32\ntdll.dll
0x00007ff9ee9b0000 - 0x00007ff9eeaea000 	C:\Windows\system32\KERNEL32.DLL
0x00007ff9ee2c0000 - 0x00007ff9ee3cf000 	C:\Windows\system32\KERNELBASE.dll
0x00007ff9eed90000 - 0x00007ff9eee35000 	C:\Windows\system32\ADVAPI32.dll
0x00007ff9eeb50000 - 0x00007ff9eecc1000 	C:\Windows\system32\USER32.dll
0x00007ff9ebdf0000 - 0x00007ff9ec04a000 	C:\Windows\WinSxS\amd64_microsoft.windows.common-controls_6595b64144ccf1df_6.0.9600.17031_none_6242a4b3ecbb55a1\COMCTL32.dll
0x00007ff9ef460000 - 0x00007ff9ef507000 	C:\Windows\system32\msvcrt.dll
0x00007ff9ef0c0000 - 0x00007ff9ef117000 	C:\Windows\SYSTEM32\sechost.dll
0x00007ff9f0a00000 - 0x00007ff9f0b36000 	C:\Windows\system32\RPCRT4.dll
0x00007ff9ee730000 - 0x00007ff9ee875000 	C:\Windows\system32\GDI32.dll
0x00007ff9ee6f0000 - 0x00007ff9ee724000 	C:\Windows\system32\IMM32.DLL
0x00007ff9ee5b0000 - 0x00007ff9ee6e9000 	C:\Windows\system32\MSCTF.dll
0x0000000063210000 - 0x00000000632e2000 	D:\Android Studio\jre\jre\bin\msvcr100.dll
0x0000000061ea0000 - 0x00000000626d4000 	D:\Android Studio\jre\jre\bin\server\jvm.dll
0x00007ff9e5ed0000 - 0x00007ff9e5ed9000 	C:\Windows\SYSTEM32\WSOCK32.dll
0x00007ff9e5750000 - 0x00007ff9e576f000 	C:\Windows\SYSTEM32\WINMM.dll
0x00007ff9eb390000 - 0x00007ff9eb39a000 	C:\Windows\SYSTEM32\VERSION.dll
0x00007ff9ef2b0000 - 0x00007ff9ef2b7000 	C:\Windows\system32\PSAPI.DLL
0x00007ff9eeaf0000 - 0x00007ff9eeb48000 	C:\Windows\system32\WS2_32.dll
0x00007ff9e5720000 - 0x00007ff9e574a000 	C:\Windows\SYSTEM32\WINMMBASE.dll
0x00007ff9f0d20000 - 0x00007ff9f0d29000 	C:\Windows\system32\NSI.dll
0x00007ff9ee1c0000 - 0x00007ff9ee20a000 	C:\Windows\SYSTEM32\cfgmgr32.dll
0x00007ff9ed000000 - 0x00007ff9ed026000 	C:\Windows\SYSTEM32\DEVOBJ.dll
0x00007ff9e8ce0000 - 0x00007ff9e8cef000 	D:\Android Studio\jre\jre\bin\verify.dll
0x00007ff9e68b0000 - 0x00007ff9e68d9000 	D:\Android Studio\jre\jre\bin\java.dll
0x00007ff9e45e0000 - 0x00007ff9e45f6000 	D:\Android Studio\jre\jre\bin\zip.dll
0x00007ff9ef5e0000 - 0x00007ff9f09f7000 	C:\Windows\system32\SHELL32.dll
0x00007ff9eee40000 - 0x00007ff9ef016000 	C:\Windows\SYSTEM32\combase.dll
0x00007ff9eecd0000 - 0x00007ff9eed21000 	C:\Windows\system32\SHLWAPI.dll
0x00007ff9ec4c0000 - 0x00007ff9ec55f000 	C:\Windows\SYSTEM32\SHCORE.dll
0x00007ff9ee0a0000 - 0x00007ff9ee0b4000 	C:\Windows\SYSTEM32\profapi.dll
0x00007ff9e45c0000 - 0x00007ff9e45da000 	D:\Android Studio\jre\jre\bin\net.dll
0x00007ff9ed9d0000 - 0x00007ff9eda28000 	C:\Windows\system32\mswsock.dll
0x00007ff9d91d0000 - 0x00007ff9d91e1000 	D:\Android Studio\jre\jre\bin\nio.dll
0x00007ff9e5020000 - 0x00007ff9e5032000 	C:\Users\USER\.gradle\native\19\windows-amd64\native-platform.dll
0x00007ff9eda30000 - 0x00007ff9eda4e000 	C:\Windows\SYSTEM32\CRYPTSP.dll
0x00007ff9ed620000 - 0x00007ff9ed655000 	C:\Windows\system32\rsaenh.dll
0x00007ff9edc60000 - 0x00007ff9edc86000 	C:\Windows\SYSTEM32\bcrypt.dll
0x00007ff9ed730000 - 0x00007ff9ed74e000 	C:\Windows\SYSTEM32\USERENV.dll
0x00007ff9edf80000 - 0x00007ff9edfe0000 	C:\Windows\system32\bcryptprimitives.dll
0x00007ff9edfe0000 - 0x00007ff9edfea000 	C:\Windows\SYSTEM32\CRYPTBASE.dll
0x00007ff9e8900000 - 0x00007ff9e8929000 	C:\Windows\SYSTEM32\IPHLPAPI.DLL
0x00007ff9e88e0000 - 0x00007ff9e88ea000 	C:\Windows\SYSTEM32\WINNSI.DLL
0x00007ff9e83e0000 - 0x00007ff9e83f4000 	C:\Windows\SYSTEM32\dhcpcsvc6.DLL
0x00007ff9e85c0000 - 0x00007ff9e85d9000 	C:\Windows\SYSTEM32\dhcpcsvc.DLL
0x00007ff9e8ff0000 - 0x00007ff9e8ffd000 	D:\Android Studio\jre\jre\bin\management.dll
0x00007ff9ec490000 - 0x00007ff9ec4c0000 	C:\Windows\SYSTEM32\ntmarta.dll
0x00007ff9df1b0000 - 0x00007ff9df338000 	C:\Windows\SYSTEM32\dbghelp.dll

VM Arguments:
jvm_args: -XX:MaxPermSize=256m -XX:+HeapDumpOnOutOfMemoryError -Xmx1024m -Dfile.encoding=windows-1252 -Duser.country=US -Duser.language=en -Duser.variant 
java_command: org.gradle.launcher.daemon.bootstrap.GradleDaemon 2.14.1
java_class_path (initial): D:\Android Studio\gradle\gradle-2.14.1\lib\gradle-launcher-2.14.1.jar
Launcher Type: SUN_STANDARD

Environment Variables:
JAVA_HOME=C:\Program Files\Java\jdk1.7.0_45
PATH=C:\ProgramData\Oracle\Java\javapath;C:\oraclexe\app\oracle\product\11.2.0\server\bin;;C:\Windows\system32;C:\Windows;C:\Windows\System32\Wbem;C:\Windows\System32\WindowsPowerShell\v1.0\;C:\Program Files (x86)\ATI Technologies\ATI.ACE\Core-Static;c:\Program Files (x86)\Microsoft SQL Server\100\Tools\Binn\VSShell\Common7\IDE\;c:\Program Files (x86)\Microsoft SQL Server\100\Tools\Binn\;c:\Program Files\Microsoft SQL Server\100\Tools\Binn\;c:\Program Files (x86)\Microsoft SQL Server\100\DTS\Binn\;c:\Program Files\Microsoft SQL Server\100\DTS\Binn\;D:\Fina\AEWeb\AVIVA local\instantclient10_1;C:\Program Files (x86)\Skype\Phone\;C:\Program Files\Intel\WiFi\bin\;C:\Program Files\Common Files\Intel\WirelessCommon\;C:\Program Files\Intel\WiFi\bin\;C:\Program Files\Common Files\Intel\WirelessCommon\
USERNAME=FINA
OS=Windows_NT
PROCESSOR_IDENTIFIER=Intel64 Family 6 Model 60 Stepping 3, GenuineIntel



---------------  S Y S T E M  ---------------

OS: Windows 8.1 , 64 bit Build 9600 (6.3.9600.17056)

CPU:total 4 (2 cores per cpu, 2 threads per core) family 6 model 60 stepping 3, cmov, cx8, fxsr, mmx, sse, sse2, sse3, ssse3, sse4.1, sse4.2, popcnt, avx, avx2, aes, clmul, erms, lzcnt, ht, tsc, tscinvbit, bmi1, bmi2

Memory: 4k page, physical 10232088k(3571760k free), swap 11804952k(3920932k free)

vm_info: OpenJDK 64-Bit Server VM (25.76-b03) for windows-amd64 JRE (1.8.0_76-release-b03), built on Jun 29 2016 19:09:20 by "ralucas" with MS VC++ 10.0 (VS2010)

time: Tue Apr 25 15:23:00 2017
elapsed time: 2790 seconds (0d 0h 46m 30s)

